<?xml version="1.0" encoding="UTF-8"?>
<!-- Generated by org.testng.reporters.JUnitReportReporter -->
<testsuite hostname="uzzal-42-dhk" name="formreleaf.gittest.NewTest" tests="1" failures="0" timestamp="28 Nov 2016 07:47:35 GMT" time="27.957" errors="0">
  <testcase name="testEasy" time="27.957" classname="formreleaf.gittest.NewTest"/>
</testsuite> <!-- formreleaf.gittest.NewTest -->
